<?xml version="1.0" encoding="UTF-8"?>
<!-- Generated by org.testng.reporters.JUnitReportReporter -->
<testsuite hostname="LAPTOP-RT4J0MA9" failures="0" tests="1" name="pkg1.NewTest" time="4.883" errors="0" timestamp="2021-08-03T14:08:45 IST" skipped="0">
  <testcase classname="pkg1.NewTest" name="f" time="4.883"/>
  <system-out/>
</testsuite> <!-- pkg1.NewTest -->
