<?xml version="1.0" encoding="UTF-8"?>
<!-- Generated by org.testng.reporters.JUnitReportReporter -->
<testsuite hostname="rkagr55" failures="0" tests="2" name="tests.MyAccountTest" time="10.062" errors="0" timestamp="2023-05-04T14:17:13 IST" skipped="0">
  <testcase classname="tests.MyAccountTest" name="myAccountsectionCount" time="5.010"/>
  <system-out/>
  <testcase classname="tests.MyAccountTest" name="accountsSectionsList" time="5.052"/>
  <system-out/>
</testsuite> <!-- tests.MyAccountTest -->
