<?xml version="1.0" encoding="UTF-8"?>
<!-- Generated by org.testng.reporters.JUnitReportReporter -->
<testsuite hostname="rkagr55" failures="0" tests="2" name="tests.TCID2" time="5.186" errors="0" timestamp="2022-06-13T22:18:32 IST" skipped="0">
  <testcase classname="tests.TCID2" name="Test3" time="3.954"/>
  <system-out/>
  <testcase classname="tests.TCID2" name="Test4" time="1.232"/>
  <system-out/>
</testsuite> <!-- tests.TCID2 -->
