<?xml version="1.0" encoding="UTF-8"?>
<!-- Generated by org.testng.reporters.JUnitReportReporter -->
<testsuite hostname="rkagr55" failures="0" tests="2" name="tests.LoginTest" time="12.517" errors="0" timestamp="2023-05-04T14:17:13 IST" skipped="0">
  <testcase classname="tests.LoginTest" name="validLogin" time="6.334"/>
  <system-out/>
  <testcase classname="tests.LoginTest" name="invalidLogin" time="6.183"/>
  <system-out/>
</testsuite> <!-- tests.LoginTest -->
