<?xml version="1.0" encoding="UTF-8"?>
<!-- Generated by org.testng.reporters.JUnitReportReporter -->
<testsuite hostname="LAPTOP-RT4J0MA9" failures="0" tests="1" name="pkg1.SkipException1" time="0.015" errors="0" timestamp="2021-07-25T11:18:25 IST" skipped="0">
  <testcase classname="pkg1.SkipException1" name="testCaseEnabling" time="0.015"/>
  <system-out/>
</testsuite> <!-- pkg1.SkipException1 -->
