<?xml version="1.0" encoding="UTF-8"?>
<!-- Generated by org.testng.reporters.JUnitReportReporter -->
<testsuite hostname="rkagr55" failures="0" tests="1" name="tests.class1" time="7.739" errors="0" timestamp="2022-06-12T22:17:00 IST" skipped="0">
  <testcase classname="tests.class1" name="Test1" time="7.739"/>
  <system-out/>
</testsuite> <!-- tests.class1 -->
