<?xml version="1.0" encoding="UTF-8"?>
<!-- Generated by org.testng.reporters.JUnitReportReporter -->
<testsuite hostname="rkagr55" failures="0" tests="1" name="tests.Scenario4" time="5.132" errors="0" timestamp="2022-06-13T01:18:21 IST" skipped="0">
  <testcase classname="tests.Scenario4" name="Test4" time="5.132"/>
  <system-out/>
</testsuite> <!-- tests.Scenario4 -->
