<?xml version="1.0" encoding="UTF-8"?>
<!-- Generated by org.testng.reporters.JUnitReportReporter -->
<testsuite hostname="rkagr55" failures="0" tests="2" name="tests.NewTest2" time="7.119" errors="0" timestamp="2022-06-12T20:07:21 IST" skipped="0">
  <testcase classname="tests.NewTest2" name="Test4" time="4.095"/>
  <system-out/>
  <testcase classname="tests.NewTest2" name="Test3" time="3.024"/>
  <system-out/>
</testsuite> <!-- tests.NewTest2 -->
