<?xml version="1.0" encoding="UTF-8"?>
<!-- Generated by org.testng.reporters.JUnitReportReporter -->
<testsuite hostname="rkagr55" failures="0" tests="2" name="tests.TCID4" time="4.968" errors="0" timestamp="2022-06-13T22:18:32 IST" skipped="0">
  <testcase classname="tests.TCID4" name="Test7" time="3.847"/>
  <system-out/>
  <testcase classname="tests.TCID4" name="Test8" time="1.121"/>
  <system-out/>
</testsuite> <!-- tests.TCID4 -->
