<?xml version="1.0" encoding="UTF-8"?>
<!-- Generated by org.testng.reporters.JUnitReportReporter -->
<testsuite hostname="rkagr55" failures="0" tests="3" name="tests.ResetPasswordTest" time="16.027" errors="0" timestamp="2023-05-04T14:17:13 IST" skipped="0">
  <testcase classname="tests.ResetPasswordTest" name="doResetPassword" time="6.325"/>
  <system-out/>
  <testcase classname="tests.ResetPasswordTest" name="navigateTorRsetPassword" time="5.322"/>
  <system-out/>
  <testcase classname="tests.ResetPasswordTest" name="isForgetPasswordDisplayed" time="4.380"/>
  <system-out/>
</testsuite> <!-- tests.ResetPasswordTest -->
