<?xml version="1.0" encoding="UTF-8"?>
<!-- Generated by org.testng.reporters.JUnitReportReporter -->
<testsuite hostname="rkagr55" failures="0" tests="2" name="tests.TCID3" time="2.598" errors="0" timestamp="2022-06-13T22:19:08 IST" skipped="0">
  <testcase classname="tests.TCID3" name="Test5" time="1.903"/>
  <system-out/>
  <testcase classname="tests.TCID3" name="Test6" time="0.695"/>
  <system-out/>
</testsuite> <!-- tests.TCID3 -->
