<?xml version="1.0" encoding="UTF-8"?>
<!-- Generated by org.testng.reporters.JUnitReportReporter -->
<testsuite hostname="rkagr55" failures="0" tests="2" name="tests.NewTest" time="6.444" errors="0" timestamp="2022-06-12T20:07:21 IST" skipped="0">
  <testcase classname="tests.NewTest" name="Test2" time="2.718"/>
  <system-out/>
  <testcase classname="tests.NewTest" name="Test1" time="3.726"/>
  <system-out/>
</testsuite> <!-- tests.NewTest -->
