<?xml version="1.0" encoding="UTF-8"?>
<!-- Generated by org.testng.reporters.JUnitReportReporter -->
<testsuite hostname="rkagr55" failures="0" tests="1" name="tests.Scenario3" time="4.884" errors="0" timestamp="2022-06-13T01:18:21 IST" skipped="0">
  <testcase classname="tests.Scenario3" name="Test3" time="4.884"/>
  <system-out/>
</testsuite> <!-- tests.Scenario3 -->
