<?xml version="1.0" encoding="UTF-8"?>
<!-- Generated by org.testng.reporters.JUnitReportReporter -->
<testsuite hostname="LAPTOP-RT4J0MA9" failures="0" tests="1" name="pkg1.NewTest1" time="3.010" errors="0" timestamp="2021-08-09T13:29:43 IST" skipped="0">
  <testcase classname="pkg1.NewTest1" name="f1" time="3.010"/>
  <system-out/>
</testsuite> <!-- pkg1.NewTest1 -->
