<?xml version="1.0" encoding="UTF-8"?>
<!-- Generated by org.testng.reporters.JUnitReportReporter -->
<testsuite hostname="LAPTOP-RT4J0MA9" failures="0" tests="1" name="pkg1.classB" time="3.264" errors="0" timestamp="2021-08-10T20:55:36 IST" skipped="0">
  <testcase classname="pkg1.classB" name="B" time="3.264"/>
  <system-out/>
</testsuite> <!-- pkg1.classB -->
