<?xml version="1.0" encoding="UTF-8"?>
<!-- Generated by org.testng.reporters.JUnitReportReporter -->
<testsuite hostname="LAPTOP-RT4J0MA9" failures="0" tests="1" name="pkg1.NewTest2" time="4.616" errors="0" timestamp="2021-08-09T12:46:57 IST" skipped="0">
  <testcase classname="pkg1.NewTest2" name="f1" time="4.616"/>
  <system-out/>
</testsuite> <!-- pkg1.NewTest2 -->
